
C7CW6HW8JC67 - 

iPhone 8 64GB Space Gray
C77SM3PHHG7K - 

iPhone 7 128GB Black
F4GX4Q6QJC69 - 

iPhone 8 64GB Gold
F17W94VBJCLQ - 

iPhone 8 Plus 256GB Space Gray
GHJWL0CQJCM2 - 

iPhone 8 Plus 64GB Space Gray
C38SCPN9HFYC - 

iPhone 7 Plus 128GB Rose Gold
F73VL5XPJC68 - 

iPhone 8 64GB Silver
C38SW0LHHFY7 - 

iPhone 7 Plus 128GB Black
DX3XT033HG07 - 

iPhone 7 Plus 32GB Rose Gold
C6KTPMEAHG7F - 

iPhone 7 32GB Black
DNPVJ1L2HG7N - 

iPhone 7 128GB Rose Gold
F2LSMRMFHFYD - 

iPhone 7 Plus 128GB Jet Black
GHKZL0KGJCLH - 

iPhone X 64GB Space Gray
DNPVTUCNJCL8 - 

iPhone X 256GB Space Gray
F2LW2B2BJCL8 - 

iPhone X 256GB Space Gray
GHKYV2GXJCLH - 

iPhone X 64GB Space Gray
GHLYL3LLJCLJ - 

iPhone X 64GB Silver
DNPVTCEAJCLJ - 

iPhone X 64GB Silver
F17VXGADJCLJ - 

iPhone X 64GB Silver
G6TWX561JCLJ - 

iPhone X 64GB Silver
G6TWX43MJCLH - 

iPhone X 64GB Space Gray
DNPXCB4SJCLJ - 

iPhone X 64GB Silver
F17WP210JCM2 - 

iPhone 8 Plus 64GB Space Gray
F2NVPP8CJCM2 - 

iPhone 8 Plus 64GB Space Gray
C39VQ26MJCLH - 

iPhone X 64GB Space Gray
DNPS9N00HG7P - 

iPhone 7 128GB Jet Black
GHJX80U5JCLY - 

iPhone 8 Plus 64GB Space Gray (Version/Sprint/China)
G6VVWYGJJCL8 - 

iPhone X 256GB Space Gray
FK1RDAN4GRYF - 

iPhone 6S 64GB Rose Gold
C39QK658GRXL - 

iPhone 6S Plus 128GB Rose Gold
DNQSHEDSHG7P - 

iPhone 7 128GB Jet Black
C6KSNA6RHG7N - 

iPhone 7 128GB Rose Gold
FK1SQ07CHG7P - 

iPhone 7 128GB Jet Black
C6KSCNBNHG7Q - 

iPhone 7 256GB Black
F71SP8XBHG7N - 

iPhone 7 128GB Rose Gold
DNTSP7RHHG7P - 

iPhone 7 128GB Jet Black
F2RSVZCFHFY1 - 

iPhone 7 Plus 128GB Jet Black
C39SPLKAHFYC - 

iPhone 7 Plus 128GB Rose Gold
F2MSJ3SSHFYD - 

iPhone 7 Plus 128GB Jet Black
DX3XFQ4TJCM3 - 

iPhone 8 Plus 64GB Silver
FFMZC89DJC69 - 

iPhone 8 64GB Gold
FFPZF6JDJC67 - 

iPhone 8 64GB Space Gray
F2LTQ1U8HX9K - 

iPhone 7 Plus
C39V1ALUHFY9 - 

iPhone 7 Plus 128GB Gold
C39WRA9DJCM2 - 

iPhone 8 Plus 64GB Space Gray
FYNVH3BHHG7J - 

iPhone 7 32GB Rose Gold
FFMXL1C9JC68 - 

iPhone 8 64GB Silver
F4GSDS9MHG7L - 

iPhone 7 128GB Silver
FD5VN4QFJCM4 - 

iPhone 8 Plus 64GB Gold
F2LVQBNYJCL9 - 

iPhone X 256GB Silver
G6VVN95QJCL8 - 

iPhone X 256GB Space Gray
G6TVX9WHJCL8 - 

iPhone X 256GB Space Gray
DNQVQ9LMJCL8 - 

iPhone X 256GB Space Gray
F2NWJ91TJWLM - 

iPhone 8 Plus
FYDZ4AA0HG7F - 

iPhone 7 32GB Black
FK1SMCLSHG7P - 

iPhone 7 128GB Jet Black
F2NSMR16HFYD - 

iPhone 7 Plus 128GB Jet Black
C39WQF5LJCM2 - 

iPhone 8 Plus 64GB Space Gray
F2MSMB0THFYD - 

iPhone 7 Plus 128GB Jet Black
F17VMPUVJCM2 - 

iPhone 8 Plus 64GB Space Gray
F2MT4Y0DHFYD - 

iPhone 7 Plus 128GB Jet Black
DNPSW2ARHG7N - 

iPhone 7 128GB Rose Gold
DNQVR5PCJCL9 - 

iPhone X 256GB Silver
G0NVXMSGJCLH - 

iPhone X 64GB Space Gray
C39TL0LFHG06 - 

iPhone 7 Plus 32GB Gold
FD4XT25BJCM2 - 

iPhone 8 Plus 64GB Space Gray
F2MSWARSHG07 - 

iPhone 7 Plus 32GB Rose Gold
F2LW59JFJCM4 - 

iPhone 8 Plus 64GB Gold
F2LTJTFVHX9K - 

iPhone 7 Plus
F4GSNDDEHG7K - 

iPhone 7 128GB Black
FYQVK5P3HFY7 - 

iPhone 7 Plus 128GB Black
F2MSLSHHHFY7 - 

iPhone 7 Plus 128GB Black
DX3WH123HFY7 - 

iPhone 7 Plus 128GB Black
F2LWQ1U2JWLM - 

iPhone 8 Plus
DMPLFKQSFK10 - 

iPad Air WIFI 16GB Space Gray
DX3W36UJJ5KR - 

iPhone 7 Plus
F4GT90PTHG7J - 

iPhone 7 32GB Rose Gold
F17DJ09E0F16 - 

iPhone 12
DMPTW2YQHP53 - 

iPad Pro 10.5-inch Wi-Fi 256GB Rose Gold
C77SKFYTHG7K - 

iPhone 7 128GB Black
DX3V7AQKHG7J - 

iPhone 7 32GB Rose Gold
DMQLK3TQFK14 - 

iPad Air WIFI 16GB Silver
GHJYT0MPJWLM - 

iPhone 8 Plus
F17SDYFZHG7K - 

iPhone 7 128GB Black
C39VQ1J3JCL9 - 

iPhone X 256GB Silver
C39YH2PYKPG4 - 

iPhone Xs 256GB Space Gray
F2LVLAJPJCM4 - 

iPhone 8 Plus 64GB Gold
C38VTH8TJCM2 - 

iPhone 8 Plus 64GB Space Gray
FK1VMBZJJCLJ - 

iPhone X 64GB Silver
G6XVRAFMJCLJ - 

iPhone X 64GB Silver
C6KSDG9VHG7F - 

iPhone 7 32GB Black
DX3XX3DFHG7G - 

iPhone 7 32GB Silver
F71VM2CJJC6M - 

iPhone 8 256GB Gold
DNPSGASUHG7P - 

iPhone 7 128GB Jet Black
F71SVHXPHG7G - 

iPhone 7 32GB Silver
F9FT3X4TFCM6 - 

iPad mini 2 (Retina) WIFI 32GB Space Gray
F9FT3X4PFCM6 - 

iPad mini 2 (Retina) WIFI 32GB Space Gray
DMPS32LGGXPX - 

iPad Pro 9.7-inch Wi-Fi + 4G 32GB Space Gray
DX3XLSCDJCM4 - 

iPhone 8 Plus 64GB Gold
FFMZ5M6QJC69 - 

iPhone 8 64GB Gold
FYQXM09PHFY9 - 

iPhone 7 Plus 128GB Gold
FCDTC452HG04 - 

iPhone 7 Plus 32GB Black
F4GVD0FAJC69 - 

iPhone 8 64GB Gold
F2LTVX4RHX9G - 

iPhone 7 Plus
C8PX1JZQJWF7 - 

iPhone 8
F2NV980MJCM2 - 

iPhone 8 Plus 64GB Space Gray
F2LX2N0KJWLM - 

iPhone 8 Plus
FD1ZM5LQJCM4 - 

iPhone 8 Plus 64GB Gold
F2LTVQXAHFYD - 

iPhone 7 Plus 128GB Jet Black
G6TX1L3CJCLH - 

iPhone X 64GB Space Gray
F17VTG2TJCL9 - 

iPhone X 256GB Silver
F2LVP4PPJCL7 - 

iPhone X 256GB Silver
F2MSKTJTHFY7 - 

iPhone 7 Plus 128GB Black
G27Y209XHG7J - 

iPhone 7 32GB Rose Gold
F2LVLXVRJCLQ - 

iPhone 8 Plus 256GB Space Gray
C39WM2FHJCM2 - 

iPhone 8 Plus 64GB Space Gray
FYQVH1HDHFY9 - 

iPhone 7 Plus 128GB Gold
F2LSHQLNHG06 - 

iPhone 7 Plus 32GB Gold
F71SX058HG7N - 

iPhone 7 128GB Rose Gold
G6TW41Y0JCL8 - 

iPhone X 256GB Space Gray
F17WG70SJWLN - 

iPhone 8 Plus
F17VNCGGJCLQ - 

iPhone 8 Plus 256GB Space Gray
F17VME9HJCLQ - 

iPhone 8 Plus 256GB Space Gray
F4HWH55HJC67 - 

iPhone 8 64GB Space Gray
FFNXLM6KJC67 - 

iPhone 8 64GB Space Gray
DNPTLX2KHX98 - 

iPhone 7
C6KSF9HNHG7F - 

iPhone 7 32GB Black
F71Y47QAHG7K - 

iPhone 7 128GB Black
F72SMQLZHG7P - 

iPhone 7 128GB Jet Black
GHKZ50TPJCLH - 

iPhone X 64GB Space Gray
GHHXN1ZJJCM2 - 

iPhone 8 Plus 64GB Space Gray
C35SMV1ZHFXW - 

iPhone 7 Plus 128GB Black
DX3Z8420JCM4 - 

iPhone 8 Plus 64GB Gold
FD8Y41TEJCM2 - 

iPhone 8 Plus 64GB Space Gray
FFMYJ0AXJC69 - 

iPhone 8 64GB Gold
G6TWF67DJCLJ - 

iPhone X 64GB Silver
F17WX07BJCL9 - 

iPhone X 256GB Silver
C7DVFDRSJC6F - 

iPhone 8 64GB Gold
DNPSHXX7HG7J - 

iPhone 7 32GB Rose Gold
DLXVX09GHP35 - Model:  Wi-Fi+4G) 256GB Silver
F4HX3LMZJC67 - 

iPhone 8 64GB Space Gray
C39VG8VTJCM2 - 

iPhone 8 Plus 64GB Space Gray
F2LV9QMUJCM2 - 

iPhone 8 Plus 64GB Space Gray
FCDVD7JGHG07 - 

iPhone 7 Plus 32GB Rose Gold
F2LWM3A0JCM - 

iPhone 8 Plus
F2LWM3A0JCM3 - 

iPhone 8 Plus 64GB Silver
F2LTKJS4HG04 - 

iPhone 7 Plus 32GB Black
C8PXRLG9JC69 - 

iPhone 8 64GB Gold
F2MSR1XEHFY7 - 

iPhone 7 Plus 128GB Black
C39VQM4CJCM2 - 

iPhone 8 Plus 64GB Space Gray
F4GVTBNCJC68 - 

iPhone 8 64GB Silver
F4JVMNE9JC67 - 

iPhone 8 64GB Space Gray
FK1R580WGRY7 - 

iPhone 6S 16GB Gold
FFMSK0F0HG7N - 

iPhone 7 128GB Rose Gold
F2MVQDY3JCL9 - 

iPhone X 256GB Silver
F2LSRGBGHG04 - 

iPhone 7 Plus 32GB Black
F4GTV2WZHG7G - 

iPhone 7 32GB Silver
F2LWN5SJJWLN - 

iPhone 8 Plus
F4HSKPF4HG7K - 

iPhone 7 128GB Black
F4HWC7S5JC67 - 

iPhone 8 64GB Space Gray
F17WK258JCM0 - 

iPhone 8 Plus 64GB Silver (Version/Sprint/China)
C6KTL0EJHG7N - 

iPhone 7 128GB Rose Gold
F2LW6PE6JCLJ - 

iPhone X 64GB Silver
C39T71ASHFY8 - 

iPhone 7 Plus 128GB Silver
F2LSWBAXHFY8 - 

iPhone 7 Plus 128GB Silver
F72SR5FMHG7P - 

iPhone 7 128GB Jet Black
F2LSV8P6HG03 - 

iPhone 7 Plus 32GB Rose Gold
FK1P73NWG5QP - 

iPhone 6 Plus 128GB Gold
F17WQ842JCM2 - 

iPhone 8 Plus 64GB Space Gray
F2MSYV2AHG04 - 

iPhone 7 Plus 32GB Black
F4GT3HRRHG7G - 

iPhone 7 32GB Silver
FK1WW51NJCLJ - 

iPhone X 64GB Silver
F71SMRFAHG75 - 

iPhone 7 128GB Jet Black
DNRV1BTVHG7F - 

iPhone 7 32GB Black
DX3XWFADHG7F - 

iPhone 7 32GB Black
C7CWCAJUJC67 - 

iPhone 8 64GB Space Gray
C76SHGNFHG7F - 

iPhone 7 32GB Black
F17V9AFNJCM1 - 

iPhone 8 Plus 64GB Gold (Version/Sprint/China)
DMPQJ3BDG5WT - 

iPad Air 2 WiFi + Cellular 16GB Gold
DDDFWWQWQDQ - 


SJSHAJSHANA - 


TESTTESTTEST - 


F71SM2EHHG7G - 

iPhone 7 32GB Silver
F2MT5VZ4HG04 - 

iPhone 7 Plus 32GB Black
C77SH948HG7F - 

iPhone 7 32GB Black
DNQSQNF7HG7P - 

iPhone 7 128GB Jet Black
FYQZ106XHFYC - 

iPhone 7 Plus 128GB Rose Gold
F2LSHDVNHFYF - 

iPhone 7 Plus 256GB Black
F71W33Z0HG7G - 

iPhone 7 32GB Silver
G0NVX7KLJCLJ - 

iPhone X 64GB Silver
GHLXT53DJCL9 - 

iPhone X 256GB Silver
FD2VF5PBJCM4 - 

iPhone 8 Plus 64GB Gold
G6TVT17UJCLJ - 

iPhone X 64GB Silver
F2LX346PJCLH - 

iPhone X 64GB Space Gray
FNFVV470GHMN - 

iPad Mini 4 Wi-Fi + 4G 128GB Space Gray
FK1VQF3FJCLH - 

iPhone X 64GB Space Gray
G0PVT51UJCLJ - 

iPhone X 64GB Silver
DNQVN3FEJCLH - 

iPhone X 64GB Space Gray
F2LW3UMEJCLJ - 

iPhone X 64GB Silver
FFNZWFXVJC67 - 

iPhone 8 64GB Space Gray
F4HSD0XYHG7L - 

iPhone 7 128GB Silver
F4GTW82MHG7K - 

iPhone 7 128GB Black
C39TW9EAHFYD - 

iPhone 7 Plus 128GB Jet Black
DNPWF6G8JCLH - 

iPhone X 64GB Space Gray
C31NH59YG5MN - 

iPhone 6 16GB Space Gray
F71Z2HLHHG7F - 

iPhone 7 32GB Black
F4HSLVFXHG7K - 

iPhone 7 128GB Black
GHLZC5K2JCLH - 

iPhone X 64GB Space Gray
G0NW4BP9JCLH - 

iPhone X 64GB Space Gray
G6TWTFWNJCLJ - 

iPhone X 64GB Silver
GHKYX6X5JCLH - 

iPhone X 64GB Space Gray
G6TWV5REJCLH - 

iPhone X 64GB Space Gray
F2MW2UEVJCLH - 

iPhone X 64GB Space Gray
DNPWL1XPJCLG - 

iPhone X 64GB Silver
GHKZL1WBJCLH - 

iPhone X 64GB Space Gray
F2LW4G1MJCLJ - 

iPhone X 64GB Silver
F2NW24UNJCLH - 

iPhone X 64GB Space Gray
G6TWX9W3JCLH - 

iPhone X 64GB Space Gray
GHLZN1YYJCLG - 

iPhone X 64GB Silver
G6TWC4R5JCLH - 

iPhone X 64GB Space Gray
FK1X7BZFJCLH - 

iPhone X 64GB Space Gray
DNRVRHTQJCLG - 

iPhone X 64GB Silver
G6TWD4ZKJCLH - 

iPhone X 64GB Space Gray
G6TWV9CWJCLJ - 

iPhone X 64GB Silver
FK1WWEK9JCLJ - 

iPhone X 64GB Silver
FK2X452AJCLH - 

iPhone X 64GB Space Gray
F4GSLKMKHG6W - 

iPhone 7 32GB Black
F4GSJMHKHG7G - 

iPhone 7 32GB Silver
DX3V2FLTHG7F - 

iPhone 7 32GB Black
FFMZM40FJC67 - 

iPhone 8 64GB Space Gray
F2LSL36CHFY9 - 

iPhone 7 Plus 128GB Gold
F2LSRJ9BHFYK - 

iPhone 7 Plus 256GB Jet Black
C6KV2011HG7G - 

iPhone 7 32GB Silver
F18ST1ZVHG7F - 

iPhone 7 32GB Black
F2LVQ4H7JCL8 - 

iPhone X 256GB Space Gray
F17S452ZG5MG - 

iPhone 6 64GB Space Gray
GHLWP3GZJCLH - 

iPhone X 64GB Space Gray
F2LSNCYBHG05 - 

iPhone 7 Plus 32GB Silver
F71QR0JNGRXV - 

iPhone 6S 16GB Rose Gold
F17VW0V9JCLJ - 

iPhone X 64GB Silver
FFMX621BJC67 - 

iPhone 8 64GB Space Gray
FCDT601VHFY8 - 

iPhone 7 Plus 128GB Silver
F4GST1KKHG7J - 

iPhone 7 32GB Rose Gold
F4JSDRWUHG7K - 

iPhone 7 128GB Black
F4GT80NBHG7G - 

iPhone 7 32GB Silver
F19S5S7ZH2XN - 

iPhone SE 64GB Space Gray
G6VVRM51JCLH - 

iPhone X 64GB Space Gray
GHLY82F3JCL8 - 

iPhone X 256GB Space Gray
DMPLMS50FKYC - 

iPad Air WIFI + Cellular 128GB Space Gray
DNQNWCX2G5MJ - 

iPhone 6 64GB Gold
C39VV630JCLH - 

iPhone X 64GB Space Gray
F2LRG0EQGRXK - 

iPhone 6S Plus 128GB Rose Gold
C39VM10HJCLJ - 

iPhone X 64GB Silver
FD1CF3Q5JCM4 - 

iPhone 8 Plus 64GB Gold
FYNV60XYHG7M - 

iPhone 7 128GB Gold
FFMTW2RQHG7M - 

iPhone 7 128GB Gold
FK1VMDATJCL9 - 

iPhone X 256GB Silver
G6VVK9E2JCL9 - 

iPhone X 256GB Silver
F2LWN2F3JCL9 - 

iPhone X 256GB Silver
FFNV83ZXHXR6 - 

iPhone 6
DNPSMH4KHG7K - 

iPhone 7 128GB Black
DNPSL4T5HG7P - 

iPhone 7 128GB Jet Black
F2LTR9LMHFYC - 

iPhone 7 Plus 128GB Rose Gold
F71SHGMXHG7K - 

iPhone 7 128GB Black
FD1WJ1BPJCM4 - 

iPhone 8 Plus 64GB Gold
DX3X7EH3JCM4 - 

iPhone 8 Plus 64GB Gold
C8PVK34YJC68 - 

iPhone 8 64GB Silver
DMPSG1H4HG6T - 

iPad Air 2 WiFi + Cellular 32GB Silver
G6TVV8JKJCLJ - 

iPhone X 64GB Silver
FYDXW0CRHFLT - 

iPhone 6S 32GB Silver
F18SKM7LHG7J - 

iPhone 7 32GB Rose Gold
F2LT3ZLMHFYD - 

iPhone 7 Plus 128GB Jet Black
F18W4LU8JCM2 - 

iPhone 8 Plus 64GB Space Gray
DNPSF7SSHG7P - 

iPhone 7 128GB Jet Black
F4GSQ1SSHG7K - 

iPhone 7 128GB Black
F4GV4UT3HG7F - 

iPhone 7 32GB Black
FD7VF1PMJCM4 - 

iPhone 8 Plus 64GB Gold
GHLYH3ANJCLH - 

iPhone X 64GB Space Gray
FD4VP1T7JCM4 - 

iPhone 8 Plus 64GB Gold
DX3ZW3GWHFYC - 

iPhone 7 Plus 128GB Rose Gold
FFNZ8E5WJC67 - 

iPhone 8 64GB Space Gray
G6VW2JWPJCL9 - 

iPhone X 256GB Silver
F2LT7GTZHFY9 - 

iPhone 7 Plus 128GB Gold
C39SX6ZEHFYC - 

iPhone 7 Plus 128GB Rose Gold
C38VR7NRJCLH - 

iPhone X 64GB Space Gray
C6KS91RSHG7N - 

iPhone 7 128GB Rose Gold
DX3VJ120HG7P - 

iPhone 7 128GB Jet Black
FYNX90R6HG7N - 

iPhone 7 128GB Rose Gold
GGKWW00PJC69 - 

iPhone 8 64GB Gold
F71YTGTLHG7F - 

iPhone 7 32GB Black
F4GTW8UNHG7G - 

iPhone 7 32GB Silver
F17V21BDHG7G - 

iPhone 7 32GB Silver
FK1VTY0XJCLH - 

iPhone X 64GB Space Gray
DX3VW3JEHG07 - 

iPhone 7 Plus 32GB Rose Gold
G6WVVAXCJCLJ - 

iPhone X 64GB Silver
DVYC0MNJC67 - 


DV6YC0MNJC67 - 

iPhone 8 64GB Space Gray
DNQVTDUEJCLJ - 

iPhone X 64GB Silver
F2LTT1S5HG04 - 

iPhone 7 Plus 32GB Black
F4GSD0JHHG7H - 

iPhone 7 32GB Gold
F71X54P7HG7G - 

iPhone 7 32GB Silver
F4GVN5P5JC67 - 

iPhone 8 64GB Space Gray
F2LWR6Q9JCM4 - 

iPhone 8 Plus 64GB Gold
F71VHGDEJC67 - 

iPhone 8 64GB Space Gray
DX3WD2DJHG04 - 

iPhone 7 Plus 32GB Black
F71ST4A1HG7L - 

iPhone 7 128GB Silver
F2LTVQY6HFYD - 

iPhone 7 Plus 128GB Jet Black
FFMX3WAYJC6C - 

iPhone 8 64GB Space Gray
FD1ZF09XN1YT - 

iPhone 8 Plus
DX3VL6LUHG04 - 

iPhone 7 Plus 32GB Black
C6KSG2MBHG7H - 

iPhone 7 32GB Gold
F17WQC8YJWLM - 

iPhone 8 Plus
DMPQD14PFCM6 - 

iPad mini 2 (Retina) WIFI 32GB Space Gray
DX3XTCPRHG7F - 

iPhone 7 32GB Black
DNPWFA9VJCLH - 

iPhone X 64GB Space Gray
F2LTTV1PHG04 - 

iPhone 7 Plus 32GB Black
DNQSHKUFHG7P - 

iPhone 7 128GB Jet Black
C8PX6YM7JC67 - 

iPhone 8 64GB Space Gray
F2LTG59GHG01 - 

iPhone 7 Plus 32GB Silver
C6KSGHN5HG7H - 

iPhone 7 32GB Gold
FYNV84ZDHG7F - 

iPhone 7 32GB Black
FYNV84ZDHG7F - 

iPhone 7 32GB Black
FCCX94GKHG04 - 

iPhone 7 Plus 32GB Black
DX3Y14GJHG6W - 

iPhone 7 32GB Black
FYNWT05XHX98 - 

iPhone 7
F72WRA1CHG7F - 

iPhone 7 32GB Black
C6KTK3E7HG7G - 

iPhone 7 32GB Silver
F4GT17WJHG71 - 

iPhone 7 128GB Black
DX3XDN1VJCM4 - 

iPhone 8 Plus 64GB Gold
F71X34TAHG7H - 

iPhone 7 32GB Gold
FFMXDVZPJC67 - 

iPhone 8 64GB Space Gray
F71T6LXCHG7K - 

iPhone 7 128GB Black
F4GY6165JC6K - 

iPhone 8 256GB Space Gray
F2MSD5Q0HG04 - 

iPhone 7 Plus 32GB Black
F2LVCD01JCM4 - 

iPhone 8 Plus 64GB Gold
FK1SP5R2HG75 - 

iPhone 7 128GB Jet Black
DMPML1RYFKYH - 

iPad Air WIFI + Cellular 128GB Silver
F17LTS6EFFFM - 

iPhone 5s 32GB Gold
DX3Z209AJCLQ - 

iPhone 8 Plus 256GB Space Gray
F2NTR2WQHX9G - 

iPhone 7 Plus
F19P5R7QG5MQ - 

iPhone 6 16GB Gold
GGKYV0DVJC68 - 

iPhone 8 64GB Silver
F4HWPDBGJC67 - 

iPhone 8 64GB Space Gray
FFMX5PCFJC67 - 

iPhone 8 64GB Space Gray
FK1VP0A9JCL8 - 

iPhone X 256GB Space Gray
C7CVGNFBJC69 - 

iPhone 8 64GB Gold
FD1V90L8JCLQ - 

iPhone 8 Plus 256GB Space Gray
C8PW61E3JC6M - 

iPhone 8 256GB Gold
C7CVPR7FJC69 - 

iPhone 8 64GB Gold
GHLX60UDJCLH - 

iPhone X 64GB Space Gray
F2LM91LPFFFM - 

iPhone 5s 32GB Gold
F73QKNL5GRYF - 

iPhone 6S 64GB Rose Gold
F2LR54VXGRWV - 

iPhone 6S Plus 64GB Space Gray
FK1SFATHHG7P - 

iPhone 7 128GB Jet Black
F17VV07RHG6X - 

iPhone 7
F4GS7FZ0HG73 - 

iPhone 7 128GB Gold
FYQX807WHFYD - 

iPhone 7 Plus 128GB Jet Black
F17W21H2JCM3 - 

iPhone 8 Plus 64GB Silver
DX3V57H4HG7N - 

iPhone 7 128GB Rose Gold
DLXNRVDBFCM8 - 

iPad mini 2 (Retina) WIFI 16GB Silver
GHHDC09UJCM2 - 

iPhone 8 Plus 64GB Space Gray
C8PX5KKCJWF7 - 

iPhone 8
FYQTF0ECHFY7 - 

iPhone 7 Plus 128GB Black
DLXQN0DNGHMN - 

iPad Mini 4 Wi-Fi + 4G 128GB Space Gray
DQWNQ2USFCM8 - 

iPad mini 2 (Retina) WIFI 16GB Silver
FCFTQ35RHG04 - 

iPhone 7 Plus 32GB Black
F4GT711JHG7H - 

iPhone 7 32GB Gold
C8PWV04EJWF5 - 

iPhone 8
DNPSG6J5HG7K - 

iPhone 7 128GB Black
F4HX3F3XJC67 - 

iPhone 8 64GB Space Gray
F71T51JBHG7F - 

iPhone 7 32GB Black
F2NSWCQYHFY7 - 

iPhone 7 Plus 128GB Black
FCHV61CNHG07 - 

iPhone 7 Plus 32GB Rose Gold
DNPP5VR5G5MJ - 

iPhone 6 64GB Gold
F71WJDA6HG7F - 

iPhone 7 32GB Black
DMQXC7WWJMVR - 

iPad 6 WIFI 32GB Gold
F2LSK4N7HFYK - 

iPhone 7 Plus 256GB Jet Black
F2NSVHW1HFYD - 

iPhone 7 Plus 128GB Jet Black
F2LVGUEBJCLQ - 

iPhone 8 Plus 256GB Space Gray
DX3X7M8MJCM4 - 

iPhone 8 Plus 64GB Gold
C6KVHNA6JC69 - 

iPhone 8 64GB Gold
DX3X3H22JCM4 - 

iPhone 8 Plus 64GB Gold
F17SD2MNHG7P - 

iPhone 7 128GB Jet Black
G6TWN5P0JCL9 - 

iPhone X 256GB Silver
GHLYQ0FYJCL6 - 

iPhone X 256GB Space Gray
C77SQ054HG7F - 

iPhone 7 32GB Black
DNQVX8TVJCLH - 

iPhone X 64GB Space Gray
DNPVQ4B1JCL9 - 

iPhone X 256GB Silver
FK1WWJSQJCLJ - 

iPhone X 64GB Silver
F17VKAJJJCLT - 

iPhone 8 Plus 256GB Gold
F17VT9C0JCLJ - 

iPhone X 64GB Silver
DNPY3Z69JCLJ - 

iPhone X 64GB Silver
C39SYJ5VHFY7 - 

iPhone 7 Plus 128GB Black
C8PXCLXHJC69 - 

iPhone 8 64GB Gold
FYQXT0AKHFYF - 

iPhone 7 Plus 256GB Black
F2LWFRUWJWLM - 

iPhone 8 Plus
FCJT27MVHFXW - 

iPhone 7 Plus 128GB Black
F4GSP4HMHG7K - 

iPhone 7 128GB Black
C6KSP7H4HG7F - 

iPhone 7 32GB Black
FK1VMUTSJCL8 - 

iPhone X 256GB Space Gray
F4GX7HV2JC67 - 

iPhone 8 64GB Space Gray
F4GTGF6PHG7J - 

iPhone 7 32GB Rose Gold
GHLYD83XJCLH - 

iPhone X 64GB Space Gray
DNPX4BK2JCLH - 

iPhone X 64GB Space Gray
F2LWLYH6JWLM - 

iPhone 8 Plus
F2NW4364JCM4 - 

iPhone 8 Plus 64GB Gold
C6KSJR8THG7F - 

iPhone 7 32GB Black
C77SJZ3THG7F - 

iPhone 7 32GB Black
DNPWJJY6JCLJ - 

iPhone X 64GB Silver
F2MT3HZ0HFYD - 

iPhone 7 Plus 128GB Jet Black
DNPT2U4UHG7F - 

iPhone 7 32GB Black
FFMZH513HFLM - 

iPhone 6S 32GB Space Gray
DNQT28SFHG7F - 

iPhone 7 32GB Black
BHBHHHHHHHHH - 


F97M90MHFFFM - 

iPhone 5s 32GB Gold
C7CVQFY6JC68 - 

iPhone 8 64GB Silver
F71SR1QHG7F - 


DNQRM99LGRY5 - 

iPhone 6S 16GB Space Gray
C39TK7NKHFY7 - 

iPhone 7 Plus 128GB Black
C6KS84UAHG7F - 

iPhone 7 32GB Black
F2MW4RCAJCM4 - 

iPhone 8 Plus 64GB Gold
F71SX1W9HG7W - 

iPhone 7 256GB Jet Black
DX4X3WASHG7 - 

iPhone 7
C6KS98TYHG7N - 

iPhone 7 128GB Rose Gold
FFNXK9XNJC67 - 

iPhone 8 64GB Space Gray
DX3WNA1ZHG04 - 

iPhone 7 Plus 32GB Black
C39T18U8HG00 - 

iPhone 7 Plus 32GB Black
DX4X3WASHG7F - 

iPhone 7 32GB Black
F4GTJ2CSHG7K - 

iPhone 7 128GB Black
F72S9GHDHG7N - 

iPhone 7 128GB Rose Gold
F2NSPPTLHFYD - 

iPhone 7 Plus 128GB Jet Black
F4GT1DZZHG7J - 

iPhone 7 32GB Rose Gold
G6VW2EVEJCL9 - 

iPhone X 256GB Silver
DNPVWP7TJCL8 - 

iPhone X 256GB Space Gray
F4GY3689JC67 - 

iPhone 8 64GB Space Gray
G6TX11MXJCLJ - 

iPhone X 64GB Silver
FYQTR0P4HFY9 - 

iPhone 7 Plus 128GB Gold
F4GSCDW7HG7G - 

iPhone 7 32GB Silver
C8PVDEUTJC68 - 

iPhone 8 64GB Silver
F71S71P0HG7K - 

iPhone 7 128GB Black
DNPWT7CMJL6 - 


DNPWT7CMJCL6 - 

iPhone X 256GB Space Gray
F2MT3F71HG07 - 

iPhone 7 Plus 32GB Rose Gold
F2LVHH49JCLY - 

iPhone 8 Plus 64GB Space Gray (Version/Sprint/China)
F72VJJWXJC67 - 

iPhone 8 64GB Space Gray
F17WL0X5JCL8 - 

iPhone X 256GB Space Gray
G6WW2PQXJCL9 - 

iPhone X 256GB Silver
GHKZ90PYJCL9 - 

iPhone X 256GB Silver
F17VP4AFJCL9 - 

iPhone X 256GB Silver
G6TVLBV7JCL8 - 

iPhone X 256GB Space Gray
DNPWV6GWJCL8 - 

iPhone X 256GB Space Gray
G6TVL6HKJCL8 - 

iPhone X 256GB Space Gray
F17VX35PJCL8 - 

iPhone X 256GB Space Gray
G6VVK2Z3JCL9 - 

iPhone X 256GB Silver
F17VTH4EJCL8 - 

iPhone X 256GB Space Gray
G6TW4X58JCL8 - 

iPhone X 256GB Space Gray
F17WMDSTJCL8 - 

iPhone X 256GB Space Gray
DNPX59GGJCL8 - 

iPhone X 256GB Space Gray
F17VR451JCL8 - 

iPhone X 256GB Space Gray
F17VP2JMJCL8 - 

iPhone X 256GB Space Gray
G6TX239RJCL9 - 

iPhone X 256GB Silver
DNPVWJBVJCL9 - 

iPhone X 256GB Silver
F2LST7JBHFY9 - 

iPhone 7 Plus 128GB Gold
F2LW58P1JCM3 - 

iPhone 8 Plus 64GB Silver
C8PX1224JC6M - 

iPhone 8 256GB Gold
F17W6LBCJCLQ - 

iPhone 8 Plus 256GB Space Gray
DNPWF53GJCL - 


G6TVP959JCL8 - 

iPhone X 256GB Space Gray
DNPWF53GJCLH - 

iPhone X 64GB Space Gray
F4GW21CTJC6K - 

iPhone 8 256GB Space Gray
C7CX702VHG7K - 

iPhone 7 128GB Black
G0NVT0PWJCL8 - 

iPhone X 256GB Space Gray
FCJV1278HFYC - 

iPhone 7 Plus 128GB Rose Gold
DX3ZL0ALHG06 - 

iPhone 7 Plus 32GB Gold
F2LTP57CHFY7 - 

iPhone 7 Plus 128GB Black
F4GSK9URHG7H - 

iPhone 7 32GB Gold
F2LWVB5MJCL9 - 

iPhone X 256GB Silver
F17VJKYGJCLJ - 

iPhone X 64GB Silver
F17VM7YUJCLH - 

iPhone X 64GB Space Gray
DX3V1FM8HG7F - 

iPhone 7 32GB Black
GHHXL1C5JCM4 - 

iPhone 8 Plus 64GB Gold
F2LV82A5JCLQ - 

iPhone 8 Plus 256GB Space Gray
DX3X3UR8JCM2 - 

iPhone 8 Plus 64GB Space Gray
CCQVF9RDGGNL - 

iPod touch (6th generation) 32GB Space Gray
C76SW3EDHG7K - 

iPhone 7 128GB Black
G6YVRQMTJCLH - 

iPhone X 64GB Space Gray
FCDYG452HG04 - 

iPhone 7 Plus 32GB Black
FFNQJ6ZBG5MT - 

iPhone 6 64GB Silver
F4GW1PDWJC67 - 

iPhone 8 64GB Space Gray
F2LSRLLCHG06 - 

iPhone 7 Plus 32GB Gold
F4GXP7F5JC68 - 

iPhone 8 64GB Silver
FD1ZM2JSJCM4 - 

iPhone 8 Plus 64GB Gold
FK1SDSDHHG7K - 

iPhone 7 128GB Black
F2LSV0G7HG06 - 

iPhone 7 Plus 32GB Gold
F2LW2FLXJCL8 - 

iPhone X 256GB Space Gray
DMQK59VAF186 - 

iPad 4 WIFI 32GB White
F4HSTF9FHG7K - 

iPhone 7 128GB Black
F18SK2WQHG7F - 

iPhone 7 32GB Black
F4GTHHYWHG7J - 

iPhone 7 32GB Rose Gold
F17SMFPCHG7G - 

iPhone 7 32GB Silver
F4GVW5VXJC69 - 

iPhone 8 64GB Gold
FYQTD33NHFYF - 

iPhone 7 Plus 256GB Black
FYMY802RHG06 - 

iPhone 7 Plus 32GB Gold
GHHXM19CJCM2 - 

iPhone 8 Plus 64GB Space Gray
GHJZ20BBJCM3 - 

iPhone 8 Plus 64GB Silver
F4GSR1BYHG7H - 

iPhone 7 32GB Gold
F71WF927HG7K - 

iPhone 7 128GB Black
F4GTT4U4HG7K - 

iPhone 7 128GB Black
C7CVPTHZJC6 - 


C7CVPTHZJC69 - 

iPhone 8 64GB Gold
F2LT5HRPHG04 - 

iPhone 7 Plus 32GB Black
DX3W63UCHG07 - 

iPhone 7 Plus 32GB Rose Gold
C39VJ1RTJCLJ - 

iPhone X 64GB Silver
C6KRPSZKGRYF - 

iPhone 6S 64GB Rose Gold
DNPSC4R0HG7P - 

iPhone 7 128GB Jet Black
FD1Y38HCJCM2 - 

iPhone 8 Plus 64GB Space Gray
DNRVW6F5JCL8 - 

iPhone X 256GB Space Gray
F17VP8RQJCL9 - 

iPhone X 256GB Silver
GHLYJ0W2JCL9 - 

iPhone X 256GB Silver
FK1VTH08JCL9 - 

iPhone X 256GB Silver
F17WLFCAJCL8 - 

iPhone X 256GB Space Gray
GHKYP1CMJCL9 - 

iPhone X 256GB Silver
F71VJY2KJC6K - 

iPhone 8 256GB Space Gray
DNPW489JJCL8 - 

iPhone X 256GB Space Gray
F2MSW199HG07 - 

iPhone 7 Plus 32GB Rose Gold
C76TTG2NHG7J - 

iPhone 7 32GB Rose Gold
F17V8RHEHG7F - 

iPhone 7 32GB Black
FK1VTTPPJCL9 - 

iPhone X 256GB Silver
F2LTVHS5HG03 - 

iPhone 7 Plus 32GB Rose Gold
DNPWCBA8JCL8 - 

iPhone X 256GB Space Gray
FCCW93Z3HFY7 - 

iPhone 7 Plus 128GB Black
DNQVX1D2JCL9 - 

iPhone X 256GB Silver
F4GT3VDSHG7H - 

iPhone 7 32GB Gold
DNQX38JEJCLJ - 

iPhone X 64GB Silver
FFMZW9D5JC69 - 

iPhone 8 64GB Gold
C8PXQD8FJC68 - 

iPhone 8 64GB Silver
DNPQVFSCGRY5 - 

iPhone 6S 16GB Space Gray
FFMX5JX6HXR6 - 

iPhone 6
F2LTTA2ZHFYC - 

iPhone 7 Plus 128GB Rose Gold
DNRVTCJLJCLJ - 

iPhone X 64GB Silver
F2LSYLV5HFYD - 

iPhone 7 Plus 128GB Jet Black
F17WJ911JCM2 - 

iPhone 8 Plus 64GB Space Gray
FFMR3612G5MR - 

iPhone 6 64GB Space Gray
C6KV21VVHG7J - 

iPhone 7 32GB Rose Gold
DX3X74FRHG7H - 

iPhone 7 32GB Gold
DX4XNRLYHG7F - 

iPhone 7 32GB Black
F18T7E47HG7F - 

iPhone 7 32GB Black
G27VD1E6HG7K - 

iPhone 7 128GB Black
FYNWM0JYHG7K - 

iPhone 7 128GB Black
FK2SF358HG7K - 

iPhone 7 128GB Black
DNQTQ3LGHG7F - 

iPhone 7 32GB Black
C76SKCNJHG7K - 

iPhone 7 128GB Black
F4KSD0R5HG7K - 

iPhone 7 128GB Black
DNTSDBK1HG7K - 

iPhone 7 128GB Black
F4HS9769HG7H - 

iPhone 7 32GB Gold
DX4X9Q4JHG7F - 

iPhone 7 32GB Black
DNPTXGYLHG7F - 

iPhone 7 32GB Black
F17T19BGHG7K - 

iPhone 7 128GB Black
G28XH0FXHG7J - 

iPhone 7 32GB Rose Gold
G28XR03DHG7P - 

iPhone 7 128GB Jet Black
DNQT3L3YHG7F - 

iPhone 7 32GB Black
C39TQ0FWHFY7 - 

iPhone 7 Plus 128GB Black
C39V23B7HFY7 - 

iPhone 7 Plus 128GB Black
C6KSGG1FHG7F - 

iPhone 7 32GB Black
F4GTJA42HG7G - 

iPhone 7 32GB Silver
F2MT5823HG04 - 

iPhone 7 Plus 32GB Black
F2LSDZP2HG04 - 

iPhone 7 Plus 32GB Black
DNPTQY15HG7F - 

iPhone 7 32GB Black
G6TWR5VVJCL8 - 

iPhone X 256GB Space Gray
G28TF0NAHG7K - 

iPhone 7 128GB Black
C39TP7R3HFY7 - 

iPhone 7 Plus 128GB Black
G27V72PPHG7F - 

iPhone 7 32GB Black
F2LW618AJCM3 - 

iPhone 8 Plus 64GB Silver
F17VNBVXHG7F - 

iPhone 7 32GB Black
FK1SJAABHG85 - 

iPhone 7 128GB Rose Gold
DNPTCWKCHX98 - 

iPhone 7
F4GTF5JHHG7L - 

iPhone 7 128GB Silver
DX3WNT9CHG04 - 

iPhone 7 Plus 32GB Black
C8QW31JGJC68 - 

iPhone 8 64GB Silver
F71S607CHG7J - 

iPhone 7 32GB Rose Gold
C7DWNBDTJC67 - 

iPhone 8 64GB Space Gray
F4GTVUSJHG7K - 

iPhone 7 128GB Black
FK1S9CJTHG7K - 

iPhone 7 128GB Black
F2LVR22MJCL9 - 

iPhone X 256GB Silver
F4GVG147JC6L - 

iPhone 8 256GB Silver
DX3W992GHG06 - 

iPhone 7 Plus 32GB Gold
C39VWBGRJCM3 - 

iPhone 8 Plus 64GB Silver
FYNW90EEHG7J - 

iPhone 7 32GB Rose Gold
F2MT32HVHFY7 - 

iPhone 7 Plus 128GB Black
F2LVTMWMJCL9 - 

iPhone X 256GB Silver
F2MWKC07JWLM - 

iPhone 8 Plus
C39SX8YTHFY7 - 

iPhone 7 Plus 128GB Black
F2LSJC9LHG07 - 

iPhone 7 Plus 32GB Rose Gold
DX3WDGWZHG04 - 

iPhone 7 Plus 32GB Black
C39VFG8TJCM2 - 

iPhone 8 Plus 64GB Space Gray
F17SW26NHG7F - 

iPhone 7 32GB Black
G6TW1MT4JCLJ - 

iPhone X 64GB Silver
FD8Y3647JCM4 - 

iPhone 8 Plus 64GB Gold
F4GVRG30JC67 - 

iPhone 8 64GB Space Gray
F72WPAX9HG7F - 

iPhone 7 32GB Black
DQVNQXCDFCM8 - 

iPad mini 2 (Retina) WIFI 16GB Silver
F17X4BTDJCM4 - 

iPhone 8 Plus 64GB Gold
F2NVR1Y8JCLJ - 

iPhone X 64GB Silver
C39W5G6KJCM4 - 

iPhone 8 Plus 64GB Gold
C8PVLB73JC6K - 

iPhone 8 256GB Space Gray
F17W4AT7JCM2 - 

iPhone 8 Plus 64GB Space Gray
C6KSF4VCHG7F - 

iPhone 7 32GB Black
FK1T62EUHG7F - 

iPhone 7 32GB Black
FFMQQBTDG5MN - 

iPhone 6 16GB Space Gray
F17WL5LKJCM4 - 

iPhone 8 Plus 64GB Gold
C8QW388BJC68 - 

iPhone 8 64GB Silver
F72WPZKBHG7F - 

iPhone 7 32GB Black
C8QX509AJWF7 - 

iPhone 8
C39TX8DVHFY7 - 

iPhone 7 Plus 128GB Black
F2LTK8VFHG06 - 

iPhone 7 Plus 32GB Gold
DX3VJ05RHG04 - 

iPhone 7 Plus 32GB Black
FCFYC1UZHG04 - 

iPhone 7 Plus 32GB Black
FYQVJ2UNHG04 - 

iPhone 7 Plus 32GB Black
FCHTT8PWHG04 - 

iPhone 7 Plus 32GB Black
F2LWV0Y5JCM4 - 

iPhone 8 Plus 64GB Gold
C37VPD44JCM2 - 

iPhone 8 Plus 64GB Space Gray
F2LVFJ4LJCM2 - 

iPhone 8 Plus 64GB Space Gray
FK1P769XG5QJ - 

iPhone 6 Plus 64GB Space Gray
GHJYF1HTJCM4 - 

iPhone 8 Plus 64GB Gold
GHJZ71B2JCM3 - 

iPhone 8 Plus 64GB Silver
DX3XXL8TJCM4 - 

iPhone 8 Plus 64GB Gold
C39WR6E7JCM2 - 

iPhone 8 Plus 64GB Space Gray
GHHXL0CPJCM4 - 

iPhone 8 Plus 64GB Gold
DX3X59K9JCM2 - 

iPhone 8 Plus 64GB Space Gray
FCFTM1X2HFY7 - 

iPhone 7 Plus 128GB Black
F2LTP8EXHX9G - 

iPhone 7 Plus
C7CXXMF2HG7F - 

iPhone 7 32GB Black
F4GS90F1HG7G - 

iPhone 7 32GB Silver
F17TM0TVHG7H - 

iPhone 7 32GB Gold
C6KSR58KHG7J - 

iPhone 7 32GB Rose Gold
FYNVQ00BHG7K - 

iPhone 7 128GB Black
FYMCH00PHG04 - 

iPhone 7 Plus 32GB Black
F17T973FHX98 - 

iPhone 7
DX3X9C6SHG6W - 

iPhone 7 32GB Black
F4HS97TWHG7 - 

iPhone 7
F4HS97TWHG7M - 

iPhone 7 128GB Gold
DNPVJAN4HG7N - 

iPhone 7 128GB Rose Gold
FYNXW01FHG7G - 

iPhone 7 32GB Silver
F2LT7DU2HG04 - 

iPhone 7 Plus 32GB Black
FD5Y51U1JCM3 - 

iPhone 8 Plus 64GB Silver
F2LT8DCXHG07 - 

iPhone 7 Plus 32GB Rose Gold
FK2X4L16JCLH - 

iPhone X 64GB Space Gray
F2LVV4CWJCLJ - 

iPhone X 64GB Silver
FK1VVUB7JCL8 - 

iPhone X 256GB Space Gray
F17VX5K1JCL8 - 

iPhone X 256GB Space Gray
FYQC300EHFYC - 

iPhone 7 Plus 128GB Rose Gold
GHLXJ63ZJCL8 - 

iPhone X 256GB Space Gray
F2MVN07AJCM2 - 

iPhone 8 Plus 64GB Space Gray
F17VV3K6JCM2 - 

iPhone 8 Plus 64GB Space Gray
DX3YX2LKJCM4 - 

iPhone 8 Plus 64GB Gold
FYQWG40EHG04 - 

iPhone 7 Plus 32GB Black
DNPSPG3CHG7L - 

iPhone 7 128GB Silver
DX3VK1VZJ5KR - 

iPhone 7 Plus
FCLT9115HG04 - 

iPhone 7 Plus 32GB Black
F2LSJ6URHG06 - 

iPhone 7 Plus 32GB Gold
DNPTHQQ9HX98 - 

iPhone 7
F2LSC5QCHG07 - 

iPhone 7 Plus 32GB Rose Gold
F2MSY5WRHG04 - 

iPhone 7 Plus 32GB Black
FYQWT149HG06 - 

iPhone 7 Plus 32GB Gold
DX3XP007JCM3 - 

iPhone 8 Plus 64GB Silver
F17WFXWWJWLM - 

iPhone 8 Plus
FFMX3DPBJC67 - 

iPhone 8 64GB Space Gray
FCCSG01DHFYC - 

iPhone 7 Plus 128GB Rose Gold
C37VR60EJCM2 - 

iPhone 8 Plus 64GB Space Gray
FD7VN8HWJCM4 - 

iPhone 8 Plus 64GB Gold
C39WQ6HBJCM2 - 

iPhone 8 Plus 64GB Space Gray
GHHXK0HMJCM4 - 

iPhone 8 Plus 64GB Gold
DX3XFKGBJCM4 - 

iPhone 8 Plus 64GB Gold
F2MSWMKVHFYD - 

iPhone 7 Plus 128GB Jet Black
FD1YD3N0JCM4 - 

iPhone 8 Plus 64GB Gold
DX3XJGJMJCM2 - 

iPhone 8 Plus 64GB Space Gray
C38W34ZMJCM2 - 

iPhone 8 Plus 64GB Space Gray
F17WHSA8JWLM - 

iPhone 8 Plus
F2LVN7NZJCLQ - 

iPhone 8 Plus 256GB Space Gray
C38VCLM3JCM2 - 

iPhone 8 Plus 64GB Space Gray
FCDV22H3HG04 - 

iPhone 7 Plus 32GB Black
FCHTG0VGHG06 - 

iPhone 7 Plus 32GB Gold
F2MX5EVPJWLM - 

iPhone 8 Plus
F4GSYLM4HG7K - 

iPhone 7 128GB Black
F17W3JJPJCL9 - 

iPhone X 256GB Silver
C39W25WAJCM3 - 

iPhone 8 Plus 64GB Silver
FYQW51B5HG07 - 

iPhone 7 Plus 32GB Rose Gold
F2LT4MQ2HG06 - 

iPhone 7 Plus 32GB Gold
F17X87SCJWLM - 

iPhone 8 Plus
DX3XH0K8JCLQ - 

iPhone 8 Plus 256GB Space Gray
FYQWF21XHFYD - 

iPhone 7 Plus 128GB Jet Black
F7NNDK68F19F - 

iPad mini Wi-Fi + Cellular 16GB White
GHJWV1N6JCM4 - 

iPhone 8 Plus 64GB Gold
F17VC8XNJCLQ - 

iPhone 8 Plus 256GB Space Gray
FCFV606MHG05 - 

iPhone 7 Plus 32GB Silver
GHJCT066JCLR - 

iPhone 8 Plus 256GB Silver
F2LSC9NAHG07 - 

iPhone 7 Plus 32GB Rose Gold
F2LST1EXHG05 - 

iPhone 7 Plus 32GB Silver
FYMWQ1J9HG07 - 

iPhone 7 Plus 32GB Rose Gold
FCCSJ0YPHG05 - 

iPhone 7 Plus 32GB Silver
DX3W68UHHG07 - 

iPhone 7 Plus 32GB Rose Gold
F2LSR5U7HFYC - 

iPhone 7 Plus 128GB Rose Gold
DX4XD3TTJCM4 - 

iPhone 8 Plus 64GB Gold
F9FX81P0JMVR - 

iPad 6 WIFI 32GB Gold
FCCWP4KDHG07 - 

iPhone 7 Plus 32GB Rose Gold
DX3WKM6AHG07 - 

iPhone 7 Plus 32GB Rose Gold
C38VQYCJJCM2 - 

iPhone 8 Plus 64GB Space Gray
F2LT53RTHFYD - 

iPhone 7 Plus 128GB Jet Black
FYMXJ01XHFYK - 

iPhone 7 Plus 256GB Jet Black
FD8VW6UWJCM4 - 

iPhone 8 Plus 64GB Gold
GHJZ40EGJCM4 - 

iPhone 8 Plus 64GB Gold
F73SMUP7HG75 - 

iPhone 7 128GB Jet Black
G28WD3LLHG7F - 

iPhone 7 32GB Black
F71Z92APHG7J - 

iPhone 7 32GB Rose Gold
FFMSW4K7HG7G - 

iPhone 7 32GB Silver
FD5Y727RJCM2 - 

iPhone 8 Plus 64GB Space Gray
C6KT3DMGHG7J - 

iPhone 7 32GB Rose Gold
DNQLXYMUFFG8 - 

iPhone 5s 16GB Gray
C6KSNYNCHG7J - 

iPhone 7 32GB Rose Gold
F4HTVN04HG7F - 

iPhone 7 32GB Black
F17T3D6UHG7J - 

iPhone 7 32GB Rose Gold
F17WC2MVHG7G - 

iPhone 7 32GB Silver
F17VH531JCM2 - 

iPhone 8 Plus 64GB Space Gray
G27X608JHG7H - 

iPhone 7 32GB Gold
F4GT760LHG7N - 

iPhone 7 128GB Rose Gold
FYLTK135HG7H - 

iPhone 7 32GB Gold
C76SQDTDHG7J - 

iPhone 7 32GB Rose Gold
C8RVDNWJJC67 - 

iPhone 8 64GB Space Gray
FFMVK0TJJC69 - 

iPhone 8 64GB Gold
C6KSF9QLHG7V - 

iPhone 7 256GB Rose Gold
F17V69XQHG7H - 

iPhone 7 32GB Gold
F17V5H0BHG7G - 

iPhone 7 32GB Silver
F71Z22RPHG7J - 

iPhone 7 32GB Rose Gold
DX3X8XD5JCM2 - 

iPhone 8 Plus 64GB Space Gray
DX3X61PEHG7F - 

iPhone 7 32GB Black
FYLTP0TNHG81 - 

iPhone 7 32GB Rose Gold
DX3Y1JAWJCM4 - 

iPhone 8 Plus 64GB Gold
G6TWRBNPJCLH - 

iPhone X 64GB Space Gray
C39TW7ECHFYC - 

iPhone 7 Plus 128GB Rose Gold
F4JSDXX8HG7K - 

iPhone 7 128GB Black
DX3CKNK5HG7F - 

iPhone 7 32GB Black
F17WMPBTJWLM - 

iPhone 8 Plus
G28Z108RHG7J - 

iPhone 7 32GB Rose Gold
F2MSYHKZHFYD - 

iPhone 7 Plus 128GB Jet Black
GHJYD2X7JCM4 - 

iPhone 8 Plus 64GB Gold
F4GVM8FYJC68 - 

iPhone 8 64GB Silver
DX3ZN3Q5JCM2 - 

iPhone 8 Plus 64GB Space Gray
DX3WX37VHG7G - 

iPhone 7 32GB Silver
C39T3HAHHFYC - 

iPhone 7 Plus 128GB Rose Gold
DLXMK4TXFK10 - 

iPad Air WIFI 16GB Space Gray
C39TF2UZHG07 - 

iPhone 7 Plus 32GB Rose Gold
F2LSCWVHHG06 - 

iPhone 7 Plus 32GB Gold
F17V1YSWHG7J - 

iPhone 7 32GB Rose Gold
FYQX63X0HG04 - 

iPhone 7 Plus 32GB Black
F17TP2M0HG7H - 

iPhone 7 32GB Gold
DMPJ2J7CDVGH - 

iPad 3rd gen WIFI+4G 32GB Black
GHHXM0N1JCM2 - 

iPhone 8 Plus 64GB Space Gray
F4GT4SLAHG7F - 

iPhone 7 32GB Black
DNPSM98QHG7F - 

iPhone 7 32GB Black
DNPTXHKYHG7J - 

iPhone 7 32GB Rose Gold
GHJY70V7JWLM - 

iPhone 8 Plus
F2MVCZ3YJCM2 - 

iPhone 8 Plus 64GB Space Gray
F2LSTBMQHFY7 - 

iPhone 7 Plus 128GB Black
C39V8314JCM4 - 

iPhone 8 Plus 64GB Gold
F17WHRMGJWLM - 

iPhone 8 Plus
F2LT84YLHFY7 - 

iPhone 7 Plus 128GB Black
FD7VT248JCM3 - 

iPhone 8 Plus 64GB Silver
F2LSL767HG07 - 

iPhone 7 Plus 32GB Rose Gold
FCGTT2N4HG05 - 

iPhone 7 Plus 32GB Silver
FCCYC0BTHG07 - 

iPhone 7 Plus 32GB Rose Gold
FD1VR2X5JCM3 - 

iPhone 8 Plus 64GB Silver
FCDYC1WLHG07 - 

iPhone 7 Plus 32GB Rose Gold
F2LSXV4BHG04 - 

iPhone 7 Plus 32GB Black
F2MT3AL0HG06 - 

iPhone 7 Plus 32GB Gold
F4KNL13GG5V1 - 

iPad mini 3 Wi-Fi 16GB Space Gray
F2LSYQZRHG07 - 

iPhone 7 Plus 32GB Rose Gold
C7CWTEQWJC67 - 

iPhone 8 64GB Space Gray
F2LTQ0MFHG06 - 

iPhone 7 Plus 32GB Gold
F2LST049HG07 - 

iPhone 7 Plus 32GB Rose Gold
FYMX5050HX9G - 

iPhone 7 Plus
F17WN82NJCM3 - 

iPhone 8 Plus 64GB Silver
F17W9101JCM2 - 

iPhone 8 Plus 64GB Space Gray
FYMV10DRHFYD - 

iPhone 7 Plus 128GB Jet Black
FD3Y40BEJCM2 - 

iPhone 8 Plus 64GB Space Gray
F6QNF00CFLMP - 

iPad mini 2 WiFi + Cellular
DX3WJ418HG04 - 

iPhone 7 Plus 32GB Black
FCJTV0UYHFY7 - 

iPhone 7 Plus 128GB Black
FYNX606RHG7M - 

iPhone 7 128GB Gold
C37VPTM7JCM2 - 

iPhone 8 Plus 64GB Space Gray
F2LSYU6PHG07 - 

iPhone 7 Plus 32GB Rose Gold
F2LSM7VSHG04 - 

iPhone 7 Plus 32GB Black
F2LQJVNCGRWQ - 

iPhone 6S Plus 16GB Rose Gold
C6KSXG1JHG7K - 

iPhone 7 128GB Black
F4GWJXXMJC67 - 

iPhone 8 64GB Space Gray
C6KTR8L3HG7L - 

iPhone 7 128GB Silver
F2LVM8BHJCM3 - 

iPhone 8 Plus 64GB Silver
DX3ZF0C9HG7F - 

iPhone 7 32GB Black
F2LSVJX3HG05 - 

iPhone 7 Plus 32GB Silver
DX3YK2MYJCM2 - 

iPhone 8 Plus 64GB Space Gray